2025-02-19 10:35:22,893 - INFO - 程序启动
2025-02-19 10:35:22,894 - INFO - 开始获取当前成交额
2025-02-19 10:35:22,898 - INFO - 开始获取指数数据
2025-02-19 10:35:23,165 - INFO - 获取上证和深证指数的成交量: 上证 304604611533.2, 深证 480910550980.0447
2025-02-19 10:35:23,171 - INFO - 开始估算成交量，已交易分钟数：65，指定成交量：304604611533.2
2025-02-19 10:35:23,173 - INFO - 开始获取成交量曲线，天数：3
2025-02-19 10:35:24,667 - INFO - 成功获取上证和深证分钟数据
2025-02-19 10:35:24,698 - INFO - 数据处理完成，共48条记录
2025-02-19 10:35:24,706 - INFO - 成功计算3天的百分比数据
2025-02-19 10:35:24,714 - INFO - 成功生成成交量曲线:[np.float64(0.20570392044450073), np.float64(0.10312258175245943), np.float64(0.07367641445741928), np.float64(0.056790372576627085), np.float64(0.05216819837014061), np.float64(0.0458675113064003), np.float64(0.03835407209980209), np.float64(0.0359281968442978), np.float64(0.050547687281643), np.float64(0.034975638219937356), np.float64(0.05343664648189738), np.float64(0.04322563853809195), np.float64(0.042832666573972084), np.float64(0.04205051261993591), np.float64(0.05360858996984816), np.float64(0.0677113524630268)]
2025-02-19 10:35:24,718 - INFO - 计算得到的累计比例：amount    0.456683
Name: 4, dtype: float64
2025-02-19 10:35:24,719 - INFO - 估算的成交量：666993996221
2025-02-19 10:35:24,724 - INFO - 开始估算成交量，已交易分钟数：65，指定成交量：480910550980.0447
2025-02-19 10:35:24,727 - INFO - 计算得到的累计比例：amount    0.456683
Name: 4, dtype: float64
2025-02-19 10:35:24,728 - INFO - 估算的成交量：1053051851739
2025-02-19 10:35:24,871 - INFO - 开始获取最近 5 个交易日的平均成交额
2025-02-19 10:35:27,260 - INFO - 成功获取上证和深证每日数据
2025-02-19 10:35:27,261 - INFO - 最近 5 个交易日上证平均成交额: 693530917189.7, 深证平均成交额: 1096988437149.99
2025-02-19 10:35:27,940 - INFO - 前 5% 成交量的股票占总成交量的 45.56%
2025-02-19 10:35:27,948 - INFO - 中间股票涨幅为: 1.25
2025-02-19 10:35:27,960 - INFO - 前 5% 成交金额的股票的平均涨幅为: 3.43%
2025-02-19 10:35:27,969 - INFO - 上涨股票数量: 4523, 下跌股票数量: 865
2025-02-19 10:35:27,970 - INFO - 股票上涨百分比为: 79.5182841068917
2025-02-19 10:35:28,075 - INFO - 2025-02-19 是交易日
2025-02-19 10:35:28,142 - INFO - 涨停板股票数量: 53
2025-02-19 10:35:28,207 - INFO - 跌停板股票数量: 2
